c:\dev\cpp\projects\raytracerupdated\raytraceapp\raytracerapp\x64\debug\vc143.pdb
c:\dev\cpp\projects\raytracerupdated\raytraceapp\raytracerapp\x64\debug\vc143.idb
c:\dev\cpp\projects\raytracerupdated\raytraceapp\raytracerapp\x64\debug\raytracer.obj
c:\dev\cpp\projects\raytracerupdated\raytraceapp\raytracerapp\x64\debug\ppm.obj
c:\dev\cpp\projects\raytracerupdated\raytraceapp\raytracerapp\x64\debug\main.obj
c:\dev\cpp\projects\raytracerupdated\raytraceapp\raytracerapp\x64\debug\app.obj
c:\dev\cpp\projects\raytracerupdated\raytraceapp\raytracerapp\x64\debug\renderer.obj
c:\dev\cpp\projects\raytracerupdated\raytraceapp\raytracerapp\x64\debug\camera.obj
c:\dev\cpp\projects\raytracerupdated\raytraceapp\x64\debug\raytracerapp.exe
c:\dev\cpp\projects\raytracerupdated\raytraceapp\raytracerapp\x64\debug\raytracerapp.ilk
c:\dev\cpp\projects\raytracerupdated\raytraceapp\x64\debug\raytracerapp.pdb
c:\dev\cpp\projects\raytracerupdated\raytraceapp\raytracerapp\x64\debug\raytracerapp.obj
c:\dev\cpp\projects\raytracerupdated\raytraceapp\raytracerapp\x64\debug\renderer.obj.enc
c:\dev\cpp\projects\raytracerupdated\raytraceapp\raytracerapp\x64\debug\raytracerapp.tlog\cl.command.1.tlog
c:\dev\cpp\projects\raytracerupdated\raytraceapp\raytracerapp\x64\debug\raytracerapp.tlog\cl.items.tlog
c:\dev\cpp\projects\raytracerupdated\raytraceapp\raytracerapp\x64\debug\raytracerapp.tlog\cl.read.1.tlog
c:\dev\cpp\projects\raytracerupdated\raytraceapp\raytracerapp\x64\debug\raytracerapp.tlog\cl.write.1.tlog
c:\dev\cpp\projects\raytracerupdated\raytraceapp\raytracerapp\x64\debug\raytracerapp.tlog\link.command.1.tlog
c:\dev\cpp\projects\raytracerupdated\raytraceapp\raytracerapp\x64\debug\raytracerapp.tlog\link.read.1.tlog
c:\dev\cpp\projects\raytracerupdated\raytraceapp\raytracerapp\x64\debug\raytracerapp.tlog\link.write.1.tlog
