  main.cpp
C:\DEV\CPP\Projects\RayTracerUpdated\RayTraceApp\RayTracerApp\include\Scene.h(4,10): warning C4067: unexpected tokens following preprocessor directive - expected a newline
  App.cpp
C:\DEV\CPP\Projects\RayTracerUpdated\RayTraceApp\RayTracerApp\include\Scene.h(4,10): warning C4067: unexpected tokens following preprocessor directive - expected a newline
C:\DEV\CPP\Projects\RayTracerUpdated\RayTraceApp\RayTracerApp\src\App.cpp(50,24): warning C4244: 'argument': conversion from 'int' to 'const float', possible loss of data
C:\DEV\CPP\Projects\RayTracerUpdated\RayTraceApp\RayTracerApp\src\App.cpp(189,27): warning C4244: '=': conversion from 'double' to 'float', possible loss of data
C:\DEV\CPP\Projects\RayTracerUpdated\RayTraceApp\RayTracerApp\src\App.cpp(192,38): warning C4244: '=': conversion from 'double' to 'float', possible loss of data
  Renderer.cpp
C:\DEV\CPP\Projects\RayTracerUpdated\RayTraceApp\RayTracerApp\include\Scene.h(4,10): warning C4067: unexpected tokens following preprocessor directive - expected a newline
C:\DEV\CPP\Projects\RayTracerUpdated\RayTraceApp\RayTracerApp\src\Renderer.cpp(31,30): warning C4244: '=': conversion from 'double' to 'uint8_t', possible loss of data
C:\DEV\CPP\Projects\RayTracerUpdated\RayTraceApp\RayTracerApp\src\Renderer.cpp(32,34): warning C4244: '=': conversion from 'double' to 'uint8_t', possible loss of data
C:\DEV\CPP\Projects\RayTracerUpdated\RayTraceApp\RayTracerApp\src\Renderer.cpp(33,34): warning C4244: '=': conversion from 'double' to 'uint8_t', possible loss of data
C:\DEV\CPP\Projects\RayTracerUpdated\RayTraceApp\RayTracerApp\src\Renderer.cpp(57,11): warning C4244: 'initializing': conversion from 'double' to 'float', possible loss of data
C:\DEV\CPP\Projects\RayTracerUpdated\RayTraceApp\RayTracerApp\src\Renderer.cpp(58,11): warning C4244: 'initializing': conversion from 'double' to 'float', possible loss of data
C:\DEV\CPP\Projects\RayTracerUpdated\RayTraceApp\RayTracerApp\src\Renderer.cpp(59,11): warning C4244: 'initializing': conversion from 'double' to 'float', possible loss of data
C:\DEV\CPP\Projects\RayTracerUpdated\RayTraceApp\RayTracerApp\src\Renderer.cpp(62,22): warning C4244: 'initializing': conversion from 'double' to 'float', possible loss of data
C:\DEV\CPP\Projects\RayTracerUpdated\RayTraceApp\RayTracerApp\src\Renderer.cpp(70,12): warning C4244: 'initializing': conversion from 'double' to 'float', possible loss of data
  Scene.cpp
C:\DEV\CPP\Projects\RayTracerUpdated\RayTraceApp\RayTracerApp\include\Scene.h(4,10): warning C4067: unexpected tokens following preprocessor directive - expected a newline
  Generating Code...
C:\DEV\CPP\Projects\RayTracerUpdated\RayTraceApp\RayTracerApp\src\Renderer.cpp(48): warning C4172: returning address of local variable or temporary
C:\DEV\CPP\Projects\RayTracerUpdated\RayTraceApp\RayTracerApp\src\Renderer.cpp(81): warning C4172: returning address of local variable or temporary
C:\DEV\CPP\Projects\RayTracerUpdated\RayTraceApp\RayTracerApp\src\Renderer.cpp(98): warning C4172: returning address of local variable or temporary
  RayTracerApp.vcxproj -> C:\DEV\CPP\Projects\RayTracerUpdated\RayTraceApp\x64\Debug\RayTracerApp.exe
